[debug] [2020-03-19T22:31:11.396Z] ----------------------------------------------------------------------
[debug] [2020-03-19T22:31:11.399Z] Command:       C:\Program Files\nodejs\node.exe C:\Users\s534641\AppData\Roaming\npm\node_modules\firebase-tools\lib\bin\firebase.js login
[debug] [2020-03-19T22:31:11.399Z] CLI Version:   7.15.1
[debug] [2020-03-19T22:31:11.399Z] Platform:      win32
[debug] [2020-03-19T22:31:11.399Z] Node Version:  v10.15.3
[debug] [2020-03-19T22:31:11.401Z] Time:          Thu Mar 19 2020 17:31:11 GMT-0500 (Central Daylight Time)
[debug] [2020-03-19T22:31:11.401Z] ----------------------------------------------------------------------
[debug] [2020-03-19T22:31:11.401Z] 
[info] i  Firebase optionally collects CLI usage and error reporting information to help improve our products. Data is collected in accordance with Google's privacy policy (https://policies.google.com/privacy) and is not used to identify you.

[info] 
[info] Visit this URL on this device to log in:
[info] https://accounts.google.com/o/oauth2/auth?client_id=563584335869-fgrhgmd47bqnekij5i8b5pr03ho849e6.apps.googleusercontent.com&scope=email%20openid%20https%3A%2F%2Fwww.googleapis.com%2Fauth%2Fcloudplatformprojects.readonly%20https%3A%2F%2Fwww.googleapis.com%2Fauth%2Ffirebase%20https%3A%2F%2Fwww.googleapis.com%2Fauth%2Fcloud-platform&response_type=code&state=84439478&redirect_uri=http%3A%2F%2Flocalhost%3A9005
[info] 
[info] Waiting for authentication...
[debug] [2020-03-19T22:31:13.126Z] Error: spawn cmd ENOENT
    at Process.ChildProcess._handle.onexit (internal/child_process.js:240:19)
    at onErrorNT (internal/child_process.js:415:16)
    at process._tickCallback (internal/process/next_tick.js:63:19)
[error] 
[error] Error: An unexpected error has occurred.
